# JRE version: Java(TM) SE Runtime Environment (21.0.4+8) (build 21.0.4+8-LTS-274)
# Java VM: Java HotSpot(TM) 64-Bit Server VM (21.0.4+8-LTS-274, mixed mode, sharing, tiered, compressed oops, compressed class ptrs, g1 gc, windows-amd64)
GC Precious Log:
 CardTable entry size: 512
 Card Set container configuration: InlinePtr #cards 4 size 8 Array Of Cards #cards 16 size 48 Howl #buckets 8 coarsen threshold 3686 Howl Bitmap #cards 512 size 80 coarsen threshold 460 Card regions per heap region 1 cards per card region 4096
 CPUs: 12 total, 12 available
 Memory: 16016M
 Large Page Support: Disabled
 NUMA Support: Disabled
 Compressed Oops: Enabled (Zero based)
 Heap Region Size: 2M
 Heap Min Capacity: 8M
 Heap Initial Capacity: 252M
 Heap Max Capacity: 4006M
 Pre-touch: Disabled
 Parallel Workers: 10
 Concurrent Workers: 3
 Concurrent Refinement Workers: 10
 Periodic GC: Disabled
Heap:
 garbage-first heap   total 137216K, used 126600K [0x0000000705a00000, 0x0000000800000000)
  region size 2048K, 25 young (51200K), 2 survivors (4096K)
 Metaspace       used 32333K, committed 32832K, reserved 1114112K
  class space    used 3640K, committed 3840K, reserved 1048576K
GC Heap History (18 events):
Event: 1.355 GC heap before
{Heap before GC invocations=0 (full 0):
 garbage-first heap   total 258048K, used 22528K [0x0000000705a00000, 0x0000000800000000)
  region size 2048K, 11 young (22528K), 0 survivors (0K)
 Metaspace       used 6191K, committed 6400K, reserved 1114112K
  class space    used 696K, committed 768K, reserved 1048576K
}
Event: 1.361 GC heap after
{Heap after GC invocations=1 (full 0):
 garbage-first heap   total 258048K, used 4299K [0x0000000705a00000, 0x0000000800000000)
  region size 2048K, 2 young (4096K), 2 survivors (4096K)
 Metaspace       used 6191K, committed 6400K, reserved 1114112K
  class space    used 696K, committed 768K, reserved 1048576K
}
Event: 2.142 GC heap before
{Heap before GC invocations=1 (full 0):
 garbage-first heap   total 258048K, used 35019K [0x0000000705a00000, 0x0000000800000000)
  region size 2048K, 17 young (34816K), 2 survivors (4096K)
 Metaspace       used 9596K, committed 9856K, reserved 1114112K
  class space    used 1095K, committed 1216K, reserved 1048576K
}
Event: 2.150 GC heap after
{Heap after GC invocations=2 (full 0):
 garbage-first heap   total 258048K, used 5873K [0x0000000705a00000, 0x0000000800000000)
  region size 2048K, 1 young (2048K), 1 survivors (2048K)
 Metaspace       used 9596K, committed 9856K, reserved 1114112K
  class space    used 1095K, committed 1216K, reserved 1048576K
}
Event: 7.309 GC heap before
{Heap before GC invocations=2 (full 0):
 garbage-first heap   total 258048K, used 153329K [0x0000000705a00000, 0x0000000800000000)
  region size 2048K, 74 young (151552K), 1 survivors (2048K)
 Metaspace       used 21187K, committed 21504K, reserved 1114112K
  class space    used 2361K, committed 2496K, reserved 1048576K
}
Event: 7.324 GC heap after
{Heap after GC invocations=3 (full 0):
 garbage-first heap   total 258048K, used 18075K [0x0000000705a00000, 0x0000000800000000)
  region size 2048K, 7 young (14336K), 7 survivors (14336K)
 Metaspace       used 21187K, committed 21504K, reserved 1114112K
  class space    used 2361K, committed 2496K, reserved 1048576K
}
Event: 8.441 GC heap before
{Heap before GC invocations=4 (full 0):
 garbage-first heap   total 75776K, used 73371K [0x0000000705a00000, 0x0000000800000000)
  region size 2048K, 30 young (61440K), 7 survivors (14336K)
 Metaspace       used 27455K, committed 27840K, reserved 1114112K
  class space    used 3091K, committed 3264K, reserved 1048576K
}
Event: 8.471 GC heap after
{Heap after GC invocations=5 (full 0):
 garbage-first heap   total 110592K, used 44940K [0x0000000705a00000, 0x0000000800000000)
  region size 2048K, 10 young (20480K), 10 survivors (20480K)
 Metaspace       used 27455K, committed 27840K, reserved 1114112K
  class space    used 3091K, committed 3264K, reserved 1048576K
}
Event: 9.118 GC heap before
{Heap before GC invocations=5 (full 0):
 garbage-first heap   total 110592K, used 77708K [0x0000000705a00000, 0x0000000800000000)
  region size 2048K, 26 young (53248K), 10 survivors (20480K)
 Metaspace       used 28843K, committed 29248K, reserved 1114112K
  class space    used 3248K, committed 3392K, reserved 1048576K
}
Event: 9.132 GC heap after
{Heap after GC invocations=6 (full 0):
 garbage-first heap   total 110592K, used 44032K [0x0000000705a00000, 0x0000000800000000)
  region size 2048K, 2 young (4096K), 2 survivors (4096K)
 Metaspace       used 28843K, committed 29248K, reserved 1114112K
  class space    used 3248K, committed 3392K, reserved 1048576K
}
Event: 10.294 GC heap before
{Heap before GC invocations=6 (full 0):
 garbage-first heap   total 110592K, used 82944K [0x0000000705a00000, 0x0000000800000000)
  region size 2048K, 22 young (45056K), 2 survivors (4096K)
 Metaspace       used 31683K, committed 32192K, reserved 1114112K
  class space    used 3596K, committed 3840K, reserved 1048576K
}
Event: 10.314 GC heap after
{Heap after GC invocations=7 (full 0):
 garbage-first heap   total 110592K, used 46080K [0x0000000705a00000, 0x0000000800000000)
  region size 2048K, 1 young (2048K), 1 survivors (2048K)
 Metaspace       used 31683K, committed 32192K, reserved 1114112K
  class space    used 3596K, committed 3840K, reserved 1048576K
}
Event: 10.847 GC heap before
{Heap before GC invocations=7 (full 0):
 garbage-first heap   total 110592K, used 52224K [0x0000000705a00000, 0x0000000800000000)
  region size 2048K, 5 young (10240K), 1 survivors (2048K)
 Metaspace       used 32157K, committed 32640K, reserved 1114112K
  class space    used 3637K, committed 3840K, reserved 1048576K
}
Event: 10.859 GC heap after
{Heap after GC invocations=8 (full 0):
 garbage-first heap   total 133120K, used 46616K [0x0000000705a00000, 0x0000000800000000)
  region size 2048K, 2 young (4096K), 2 survivors (4096K)
 Metaspace       used 32157K, committed 32640K, reserved 1114112K
  class space    used 3637K, committed 3840K, reserved 1048576K
}
Event: 10.862 GC heap before
{Heap before GC invocations=8 (full 0):
 garbage-first heap   total 133120K, used 54808K [0x0000000705a00000, 0x0000000800000000)
  region size 2048K, 3 young (6144K), 2 survivors (4096K)
 Metaspace       used 32157K, committed 32640K, reserved 1114112K
  class space    used 3637K, committed 3840K, reserved 1048576K
}
Event: 10.872 GC heap after
{Heap after GC invocations=9 (full 0):
 garbage-first heap   total 133120K, used 54768K [0x0000000705a00000, 0x0000000800000000)
  region size 2048K, 2 young (4096K), 2 survivors (4096K)
 Metaspace       used 32157K, committed 32640K, reserved 1114112K
  class space    used 3637K, committed 3840K, reserved 1048576K
}
Event: 10.874 GC heap before
{Heap before GC invocations=9 (full 0):
 garbage-first heap   total 133120K, used 67056K [0x0000000705a00000, 0x0000000800000000)
  region size 2048K, 3 young (6144K), 2 survivors (4096K)
 Metaspace       used 32157K, committed 32640K, reserved 1114112K
  class space    used 3637K, committed 3840K, reserved 1048576K
}
Event: 10.884 GC heap after
{Heap after GC invocations=10 (full 0):
 garbage-first heap   total 133120K, used 67208K [0x0000000705a00000, 0x0000000800000000)
  region size 2048K, 2 young (4096K), 2 survivors (4096K)
 Metaspace       used 32157K, committed 32640K, reserved 1114112K
  class space    used 3637K, committed 3840K, reserved 1048576K
}

